<?xml version="1.0" encoding="UTF-8"?>
<!-- Generated by org.testng.reporters.JUnitReportReporter -->
<testsuite hostname="DESKTOP-E8RJ5KT" failures="0" tests="1" name="Testng.Testngexample" time="0.018" errors="0" timestamp="2022-10-10T08:34:49 IST" skipped="0">
  <testcase classname="Testng.Testngexample" name="demo" time="0.018"/>
  <system-out>
    <![CDATA[hello selenium
hello java]]>
  </system-out>
</testsuite> <!-- Testng.Testngexample -->
