<?xml version="1.0" encoding="UTF-8"?>
<!-- Generated by org.testng.reporters.JUnitReportReporter -->
<testsuite hostname="DESKTOP-E8RJ5KT" failures="0" tests="3" name="Testng.TestngPriority" time="0.022" errors="0" timestamp="2022-10-10T08:34:49 IST" skipped="0">
  <testcase classname="Testng.TestngPriority" name="calls" time="0.002"/>
  <system-out>
    <![CDATA[calls]]>
  </system-out>
  <testcase classname="Testng.TestngPriority" name="settings" time="0.018"/>
  <system-out>
    <![CDATA[settings]]>
  </system-out>
  <testcase classname="Testng.TestngPriority" name="chats" time="0.002"/>
  <system-out>
    <![CDATA[chats]]>
  </system-out>
</testsuite> <!-- Testng.TestngPriority -->
