<?xml version="1.0" encoding="UTF-8"?>
<!-- Generated by org.testng.reporters.JUnitReportReporter -->
<testsuite hostname="DESKTOP-E8RJ5KT" failures="0" tests="6" name="Testng.Testngskiptestcase" time="0.025" errors="0" timestamp="2022-10-10T08:34:49 IST" skipped="1">
  <testcase classname="Testng.Testngskiptestcase" name="calls" time="0.001"/>
  <system-out>
    <![CDATA[calls]]>
  </system-out>
  <testcase classname="Testng.Testngskiptestcase" name="calls" time="0.002"/>
  <system-out>
    <![CDATA[calls]]>
  </system-out>
  <testcase classname="Testng.Testngskiptestcase" name="calls" time="0.006"/>
  <system-out>
    <![CDATA[calls]]>
  </system-out>
  <testcase classname="Testng.Testngskiptestcase" name="calls" time="0.009"/>
  <system-out>
    <![CDATA[calls]]>
  </system-out>
  <testcase classname="Testng.Testngskiptestcase" name="chats" time="0.007"/>
  <system-out>
    <![CDATA[chats]]>
  </system-out>
  <testcase classname="Testng.Testngskiptestcase" name="settings">
    <skipped/>
  </testcase> <!-- settings -->
  <system-out/>
</testsuite> <!-- Testng.Testngskiptestcase -->
