<?xml version="1.0" encoding="UTF-8"?>
<!-- Generated by org.testng.reporters.JUnitReportReporter -->
<testsuite hostname="DESKTOP-E8RJ5KT" failures="0" tests="7" name="Testng.Testngannonations" time="0.072" errors="0" timestamp="2022-10-08T09:03:24 IST" skipped="0">
  <testcase classname="Testng.Testngannonations" name="settings" time="0.050"/>
  <system-out>
    <![CDATA[settings]]>
  </system-out>
  <testcase classname="Testng.Testngannonations" name="settings" time="0.006"/>
  <system-out>
    <![CDATA[settings]]>
  </system-out>
  <testcase classname="Testng.Testngannonations" name="calls" time="0.002"/>
  <system-out>
    <![CDATA[calls]]>
  </system-out>
  <testcase classname="Testng.Testngannonations" name="calls" time="0.004"/>
  <system-out>
    <![CDATA[calls]]>
  </system-out>
  <testcase classname="Testng.Testngannonations" name="calls" time="0.006"/>
  <system-out>
    <![CDATA[calls]]>
  </system-out>
  <testcase classname="Testng.Testngannonations" name="calls" time="0.002"/>
  <system-out>
    <![CDATA[calls]]>
  </system-out>
  <testcase classname="Testng.Testngannonations" name="chats" time="0.002"/>
  <system-out>
    <![CDATA[chats]]>
  </system-out>
</testsuite> <!-- Testng.Testngannonations -->
